 BU03999
                                                      PASS-EM   STATE   COLLEGESTATE



                    STUDENT NAME                    ADDRESS                STUDENT       CREDIT   TUITION
                                                                             ID          HOURS      DUE
              WINSTON, WILLY               123 DAIRY ROAD                048 71 7897      006      $4,800.00
              WAGNER, JIM                  785 BRIDGER PLACE             115 46 4512      015     $12,000.00
              JENNINGS, DEREK              3610 PLUM                     344 58 7908      015     $12,000.00
              WILLMAN, BOB                 3016 OLD WOOD                 345 34 2290      018     $14,400.00
              BROWNE, DAN                  2345 DUNDEE DRIVE             345 89 2299      011      $8,800.00
              PRICE, VINCENT               600 APPLE DRIVE               402 85 4785      005      $4,000.00
              OTTO, KIT                    567 CHRYSLER DRIVE            412 12 1144      014     $11,200.00
              BARRY, DEBBY                 122 ABERDEEN CR               445 66 4877      014     $11,200.00
              HARRISON, KIM                568 SUGARBERRY TR             456 98 2399      012      $9,600.00
              FARROW, HUGH                 284 TOURCHLIGHT LANE          456 99 5200      010      $8,000.00
              JENSYN, DOUG                 1010 APPLE                    458 79 0815      015     $12,000.00
              SCHRODER, THEODORE           425 F STREET                  501 54 7845      018     $14,400.00
              POST, ROBIN                  322 CHERRY LANE               502 22 4545      012      $9,600.00
              ROE, BOE                     909 225 NORTH FORTY           503 66 0909      009      $7,200.00
              BROWNING, PAUL               1 OLD FARM ROAD               504 87 1234      014     $11,200.00
              SPIELMAN, CHRIS              4511 TANGLEWOOD TR            507 23 0631      010      $8,000.00
              MCCOY, ROY                   800 W DAWES AVENUE            536 01 0123      010      $8,000.00
              GOODRICH, CHUCK              2343 INFINITY COURT           542 12 1604      008      $6,400.00
              JACKLE, WALLACE              9200 PERSIMMON LANE           545 32 5690      015     $12,000.00
              TAYLOR, STEPHEN              510  CINCO                    545 40 5344      009      $7,200.00
              DANLEY, SALLY                4321 MONTANA PLACE            545 65 2181      006      $4,800.00
              BARTLETT, KATHY              102 EVANS CR                  548 94 5477      014     $11,200.00
              ROBERTS, DOUG                629 SHENANDAOH COURT          553 89 7850      012      $9,600.00
              STOLEN, JOSH                 4598 APPLEWOOD CT             554 82 3285      011      $8,800.00
              UNDERHILL, GAVIN             888 OVERLAND TRAIL            555 01 9536      001        $800.00
              DYER, MYLES                  5100 GOLDENROD LANE           555 84 7152      011      $8,800.00
              JACKSON, ARLENE              5200 NW MICHAEL LANE          560 32 4590      015     $12,000.00
              JOHNSON, CRAIG               UNIT 13 BLACKPOOL RD          567 22 3445      010      $8,000.00
              QUINN, MIKE                  925 B STREET                  578 95 4561      013     $10,400.00
              BROWN, WHITNEY               550 6TH STREET                585 45 4456      008      $6,400.00
              THOMAS, STEVE                3100 PECOS                    588 90 5344      009      $7,200.00
              BLACK, SHIRLEY               450 WOODY CREEK TR            606 71 3456      008      $6,400.00
              WATSON, TIM                  8700 WATERTOWER CT            607 90 3256      012      $9,600.00
              TOPPING, CLIFF               4598 HEDGE APPLE CT           654 89 1285      011      $8,800.00
              DIONNE, SERGE                1234 DAKOTA PLACE             705 34 6781      006      $4,800.00
              HARTMAN, TOM                 3016 HARDWOOD                 765 34 2290      013     $10,400.00
              HARRISON, LEE                568 FOX HOLLOW ROAD           789 23 0098      013     $10,400.00
              MORGAN, CHRIS                7801 CATUS CANYON             876 51 2441      009      $7,200.00
              PERRIN, CRAIG                5644 SMOKY HILL ROAD          878 98 2344      012      $9,600.00
              PHILLIPS, MIKE               224 WOODCREST AVE             887 65 4367      012      $9,600.00
              PHILLIPS, MIKE               224 WOODCREST AVE             887 65 4367      012      $9,600.00
              WILLON, MIKE                 4400 HIGH                     887 85 3457      012      $9,600.00
              WILSON, LISA                 2400 FAIR                     888 65 3457      012      $9,600.00
              MURRIS, ALLIE                2424 SOUTH STEET              932 33 3476      008      $6,400.00
              JOHNSON, CINDY               5214 RAVEN RD                 952 25 2445      010      $8,000.00
              DARTON, MARK                 15 PEACH COURT                955 45 6454      003      $2,400.00
              MURRAY, SUSAN                2424 SOUTH CALVERT            987 33 8976      011      $8,800.00
              MORAN, ROBERT                5201 SPRUCE CANYON            987 65 7544      013     $10,400.00
              BARTON, MARY                 15 ORANGE COURT               995 23 7789      013     $10,400.00


                      *****  TOTAL STUDENTS   50